<?xml version="1.0" encoding="UTF-8"?>
<!-- Generated by org.testng.reporters.JUnitReportReporter -->
<testsuite hostname="CHDSEZ309457L" failures="0" tests="1" name="Test1" time="15.419" errors="0" timestamp="2020-12-30T23:07:52 IST" skipped="0">
  <testcase classname="Test1" name="asetUp1" time="15.419"/>
  <system-out/>
</testsuite> <!-- Test1 -->
